[debug] [2025-05-24T19:54:27.357Z] ----------------------------------------------------------------------
[debug] [2025-05-24T19:54:27.371Z] Command:       C:\Program Files\nodejs\node.exe C:\Program Files\nodejs\node_modules\firebase-tools\lib\bin\firebase.js init
[debug] [2025-05-24T19:54:27.372Z] CLI Version:   14.4.0
[debug] [2025-05-24T19:54:27.373Z] Platform:      win32
[debug] [2025-05-24T19:54:27.373Z] Node Version:  v20.14.0
[debug] [2025-05-24T19:54:27.373Z] Time:          Sat May 24 2025 19:54:27 GMT+0000 (Coordinated Universal Time)
[debug] [2025-05-24T19:54:27.374Z] ----------------------------------------------------------------------
[debug] 
[debug] [2025-05-24T19:54:27.404Z] > command requires scopes: ["email","openid","https://www.googleapis.com/auth/cloudplatformprojects.readonly","https://www.googleapis.com/auth/firebase","https://www.googleapis.com/auth/cloud-platform"]
[debug] [2025-05-24T19:54:27.405Z] > authorizing via signed-in user (ihalangel@gmail.com)
[info] 
     ######## #### ########  ######## ########     ###     ######  ########
     ##        ##  ##     ## ##       ##     ##  ##   ##  ##       ##
     ######    ##  ########  ######   ########  #########  ######  ######
     ##        ##  ##    ##  ##       ##     ## ##     ##       ## ##
     ##       #### ##     ## ######## ########  ##     ##  ######  ########

You're about to initialize a Firebase project in this directory:

  C:\Alvaro\Trabajo-Organizado\Codigo\Personal\CaballosCarpetaVersiones\CaballosVersion1.0.0\ballo1.0.0\backend

Before we get started, keep in mind:

  * You are currently outside your home directory

